Submitting SLURM job
N E X T F L O W  ~  version 20.10.0
Launching `/scratch3/users/nanje/MHC-Imputation-Accuracy/hlaped.nf` [nauseous_woese] - revision: 59b34f6517
[-        ] process > combine_hlatypes_snp2hla -

[-        ] process > combine_hlatypes_snp2hla       -
[-        ] process > subset_hlatypes_snp2hla        -
[-        ] process > combine_hlatypes_hibag         -
[-        ] process > subset_hlatypes_hibag          -
[-        ] process > get_geno_plink_dataset         -
[-        ] process > get_geno_plink_subpop          -
[-        ] process > make_snp2hlarefpanel_dataset   -
[-        ] process > make_snp2hlarefpanel_subpop    -
[-        ] process > convert_to_beagle_dataset      -
[-        ] process > convert_to_beagle_subpop       -
[-        ] process > makeref_snp2hla_phasing_subpop -
[-        ] process > preparedata_imputation         -
[-        ] process > impute_subpop                  -
[-        ] process > subpop_imputation              -

[-        ] process > combine_hlatypes_snp2hla       -
[-        ] process > subset_hlatypes_snp2hla        -
[-        ] process > combine_hlatypes_hibag         -
[-        ] process > subset_hlatypes_hibag          -
[-        ] process > get_geno_plink_dataset         -
[-        ] process > get_geno_plink_subpop          -
[-        ] process > make_snp2hlarefpanel_dataset   -
[-        ] process > make_snp2hlarefpanel_subpop    -
[-        ] process > convert_to_beagle_dataset      -
[-        ] process > convert_to_beagle_subpop       -
[-        ] process > makeref_snp2hla_phasing_subpop -
[b8/2d86d1] process > preparedata_imputation (get... [100%] 2 of 2, cached: 2 ✔
[-        ] process > impute_subpop                  -
[-        ] process > subpop_imputation              -

[62/37ddad] process > combine_hlatypes_snp2hla (s... [100%] 1 of 1, cached: 1
[-        ] process > subset_hlatypes_snp2hla        -
[34/bf4dc8] process > combine_hlatypes_hibag (com... [100%] 1 of 1, cached: 1 ✔
[-        ] process > subset_hlatypes_hibag          -
[-        ] process > get_geno_plink_dataset         -
[-        ] process > get_geno_plink_subpop          -
[-        ] process > make_snp2hlarefpanel_dataset   -
[-        ] process > make_snp2hlarefpanel_subpop    -
[-        ] process > convert_to_beagle_dataset      -
[-        ] process > convert_to_beagle_subpop       -
[-        ] process > makeref_snp2hla_phasing_subpop -
[b8/2d86d1] process > preparedata_imputation (get... [100%] 2 of 2, cached: 2 ✔
[-        ] process > impute_subpop                  -
[-        ] process > subpop_imputation              -

[62/37ddad] process > combine_hlatypes_snp2hla (s... [100%] 1 of 1, cached: 1 ✔
[ca/c6fe6b] process > subset_hlatypes_snp2hla (su... [100%] 2 of 2, cached: 2 ✔
[34/bf4dc8] process > combine_hlatypes_hibag (com... [100%] 1 of 1, cached: 1 ✔
[8e/6c6981] process > subset_hlatypes_hibag (subs... [100%] 2 of 2, cached: 2 ✔
[df/a8d2b2] process > get_geno_plink_dataset (get... [100%] 1 of 1, cached: 1 ✔
[6f/e26dc8] process > get_geno_plink_subpop (get_... [100%] 2 of 2, cached: 2 ✔
[-        ] process > make_snp2hlarefpanel_dataset   -
[-        ] process > make_snp2hlarefpanel_subpop    -
[-        ] process > convert_to_beagle_dataset      -
[-        ] process > convert_to_beagle_subpop       -
[-        ] process > makeref_snp2hla_phasing_subpop -
[b8/2d86d1] process > preparedata_imputation (get... [100%] 2 of 2, cached: 2 ✔
[-        ] process > impute_subpop                  -
[-        ] process > subpop_imputation              -

[62/37ddad] process > combine_hlatypes_snp2hla (s... [100%] 1 of 1, cached: 1 ✔
[ca/c6fe6b] process > subset_hlatypes_snp2hla (su... [100%] 2 of 2, cached: 2 ✔
[34/bf4dc8] process > combine_hlatypes_hibag (com... [100%] 1 of 1, cached: 1 ✔
[8e/6c6981] process > subset_hlatypes_hibag (subs... [100%] 2 of 2, cached: 2 ✔
[df/a8d2b2] process > get_geno_plink_dataset (get... [100%] 1 of 1, cached: 1 ✔
[6f/e26dc8] process > get_geno_plink_subpop (get_... [100%] 2 of 2, cached: 2 ✔
[a3/4cbcf6] process > make_snp2hlarefpanel_datase... [100%] 1 of 1, cached: 1 ✔
[c3/1b9a47] process > make_snp2hlarefpanel_subpop... [100%] 2 of 2, cached: 2 ✔
[29/c892a8] process > convert_to_beagle_dataset (... [100%] 1 of 1, cached: 1 ✔
[61/7555e8] process > convert_to_beagle_subpop (c... [100%] 2 of 2, cached: 2 ✔
[-        ] process > makeref_snp2hla_phasing_subpop -
[b8/2d86d1] process > preparedata_imputation (get... [100%] 2 of 2, cached: 2 ✔
[-        ] process > impute_subpop                  -
[-        ] process > subpop_imputation              -

[62/37ddad] process > combine_hlatypes_snp2hla (s... [100%] 1 of 1, cached: 1 ✔
[ca/c6fe6b] process > subset_hlatypes_snp2hla (su... [100%] 2 of 2, cached: 2 ✔
[34/bf4dc8] process > combine_hlatypes_hibag (com... [100%] 1 of 1, cached: 1 ✔
[8e/6c6981] process > subset_hlatypes_hibag (subs... [100%] 2 of 2, cached: 2 ✔
[df/a8d2b2] process > get_geno_plink_dataset (get... [100%] 1 of 1, cached: 1 ✔
[6f/e26dc8] process > get_geno_plink_subpop (get_... [100%] 2 of 2, cached: 2 ✔
[a3/4cbcf6] process > make_snp2hlarefpanel_datase... [100%] 1 of 1, cached: 1 ✔
[c3/1b9a47] process > make_snp2hlarefpanel_subpop... [100%] 2 of 2, cached: 2 ✔
[29/c892a8] process > convert_to_beagle_dataset (... [100%] 1 of 1, cached: 1 ✔
[61/7555e8] process > convert_to_beagle_subpop (c... [100%] 2 of 2, cached: 2 ✔
[75/4104d7] process > makeref_snp2hla_phasing_sub... [100%] 2 of 2, cached: 2 ✔
[b8/2d86d1] process > preparedata_imputation (get... [100%] 2 of 2, cached: 2 ✔
[d0/fc9718] process > impute_subpop (Impute_1kg_a... [100%] 2 of 2, cached: 2 ✔
[-        ] process > subpop_imputation              [  0%] 0 of 2

executor >  slurm (1)
[62/37ddad] process > combine_hlatypes_snp2hla (s... [100%] 1 of 1, cached: 1 ✔
[ca/c6fe6b] process > subset_hlatypes_snp2hla (su... [100%] 2 of 2, cached: 2 ✔
[34/bf4dc8] process > combine_hlatypes_hibag (com... [100%] 1 of 1, cached: 1 ✔
[8e/6c6981] process > subset_hlatypes_hibag (subs... [100%] 2 of 2, cached: 2 ✔
[df/a8d2b2] process > get_geno_plink_dataset (get... [100%] 1 of 1, cached: 1 ✔
[6f/e26dc8] process > get_geno_plink_subpop (get_... [100%] 2 of 2, cached: 2 ✔
[a3/4cbcf6] process > make_snp2hlarefpanel_datase... [100%] 1 of 1, cached: 1 ✔
[c3/1b9a47] process > make_snp2hlarefpanel_subpop... [100%] 2 of 2, cached: 2 ✔
[29/c892a8] process > convert_to_beagle_dataset (... [100%] 1 of 1, cached: 1 ✔
[61/7555e8] process > convert_to_beagle_subpop (c... [100%] 2 of 2, cached: 2 ✔
[75/4104d7] process > makeref_snp2hla_phasing_sub... [100%] 2 of 2, cached: 2 ✔
[b8/2d86d1] process > preparedata_imputation (get... [100%] 2 of 2, cached: 2 ✔
[d0/fc9718] process > impute_subpop (Impute_1kg_a... [100%] 2 of 2, cached: 2 ✔
[9d/b17ffb] process > subpop_imputation (Impute d... [  0%] 0 of 2

executor >  slurm (2)
[62/37ddad] process > combine_hlatypes_snp2hla (s... [100%] 1 of 1, cached: 1 ✔
[ca/c6fe6b] process > subset_hlatypes_snp2hla (su... [100%] 2 of 2, cached: 2 ✔
[34/bf4dc8] process > combine_hlatypes_hibag (com... [100%] 1 of 1, cached: 1 ✔
[8e/6c6981] process > subset_hlatypes_hibag (subs... [100%] 2 of 2, cached: 2 ✔
[df/a8d2b2] process > get_geno_plink_dataset (get... [100%] 1 of 1, cached: 1 ✔
[6f/e26dc8] process > get_geno_plink_subpop (get_... [100%] 2 of 2, cached: 2 ✔
[a3/4cbcf6] process > make_snp2hlarefpanel_datase... [100%] 1 of 1, cached: 1 ✔
[c3/1b9a47] process > make_snp2hlarefpanel_subpop... [100%] 2 of 2, cached: 2 ✔
[29/c892a8] process > convert_to_beagle_dataset (... [100%] 1 of 1, cached: 1 ✔
[61/7555e8] process > convert_to_beagle_subpop (c... [100%] 2 of 2, cached: 2 ✔
[75/4104d7] process > makeref_snp2hla_phasing_sub... [100%] 2 of 2, cached: 2 ✔
[b8/2d86d1] process > preparedata_imputation (get... [100%] 2 of 2, cached: 2 ✔
[d0/fc9718] process > impute_subpop (Impute_1kg_a... [100%] 2 of 2, cached: 2 ✔
[ad/a9692d] process > subpop_imputation (Impute d... [  0%] 0 of 2

executor >  slurm (2)
[62/37ddad] process > combine_hlatypes_snp2hla (s... [100%] 1 of 1, cached: 1 ✔
[ca/c6fe6b] process > subset_hlatypes_snp2hla (su... [100%] 2 of 2, cached: 2 ✔
[34/bf4dc8] process > combine_hlatypes_hibag (com... [100%] 1 of 1, cached: 1 ✔
[8e/6c6981] process > subset_hlatypes_hibag (subs... [100%] 2 of 2, cached: 2 ✔
[df/a8d2b2] process > get_geno_plink_dataset (get... [100%] 1 of 1, cached: 1 ✔
[6f/e26dc8] process > get_geno_plink_subpop (get_... [100%] 2 of 2, cached: 2 ✔
[a3/4cbcf6] process > make_snp2hlarefpanel_datase... [100%] 1 of 1, cached: 1 ✔
[c3/1b9a47] process > make_snp2hlarefpanel_subpop... [100%] 2 of 2, cached: 2 ✔
[29/c892a8] process > convert_to_beagle_dataset (... [100%] 1 of 1, cached: 1 ✔
[61/7555e8] process > convert_to_beagle_subpop (c... [100%] 2 of 2, cached: 2 ✔
[75/4104d7] process > makeref_snp2hla_phasing_sub... [100%] 2 of 2, cached: 2 ✔
[b8/2d86d1] process > preparedata_imputation (get... [100%] 2 of 2, cached: 2 ✔
[d0/fc9718] process > impute_subpop (Impute_1kg_a... [100%] 2 of 2, cached: 2 ✔
[ad/a9692d] process > subpop_imputation (Impute d... [  0%] 0 of 2
