Submitting SLURM job
N E X T F L O W  ~  version 20.10.0
Launching `/scratch3/users/nanje/MHC-Imputation-Accuracy/hlaped.nf` [agitated_gutenberg] - revision: 2b576ac59b
[-        ] process > combine_hlatypes_snp2hla -

[-        ] process > combine_hlatypes_snp2hla       -
[-        ] process > subset_hlatypes_snp2hla        -
[-        ] process > combine_hlatypes_hibag         -
[-        ] process > subset_hlatypes_hibag          -
[-        ] process > get_geno_plink_dataset         -
[-        ] process > get_geno_plink_subpop          -
[-        ] process > make_snp2hlarefpanel_dataset   -
[-        ] process > make_snp2hlarefpanel_subpop    -
[-        ] process > convert_to_beagle_dataset      -
[-        ] process > convert_to_beagle_subpop       -
[-        ] process > makeref_snp2hla_phasing_dat... -
[-        ] process > makeref_snp2hla_phasing_subpop -

[-        ] process > combine_hlatypes_snp2hla       -
[-        ] process > subset_hlatypes_snp2hla        -
[-        ] process > combine_hlatypes_hibag         -
[-        ] process > subset_hlatypes_hibag          -
[-        ] process > get_geno_plink_dataset         -
[-        ] process > get_geno_plink_subpop          -
[-        ] process > make_snp2hlarefpanel_dataset   -
[-        ] process > make_snp2hlarefpanel_subpop    -
[-        ] process > convert_to_beagle_dataset      -
[-        ] process > convert_to_beagle_subpop       -
[-        ] process > makeref_snp2hla_phasing_dat... -
[-        ] process > makeref_snp2hla_phasing_subpop -
[-        ] process > hibag_impute_subpop            -
[-        ] process > hibag_impute_dataset           -

[62/37ddad] process > combine_hlatypes_snp2hla (s... [100%] 1 of 1, cached: 1 ✔
[-        ] process > subset_hlatypes_snp2hla        -
[34/bf4dc8] process > combine_hlatypes_hibag (com... [100%] 1 of 1, cached: 1 ✔
[-        ] process > subset_hlatypes_hibag          -
[-        ] process > get_geno_plink_dataset         -
[-        ] process > get_geno_plink_subpop          -
[-        ] process > make_snp2hlarefpanel_dataset   -
[-        ] process > make_snp2hlarefpanel_subpop    -
[-        ] process > convert_to_beagle_dataset      -
[-        ] process > convert_to_beagle_subpop       -
[-        ] process > makeref_snp2hla_phasing_dat... -
[-        ] process > makeref_snp2hla_phasing_subpop -
[-        ] process > hibag_impute_subpop            -
[-        ] process > hibag_impute_dataset           -

[62/37ddad] process > combine_hlatypes_snp2hla (s... [100%] 1 of 1, cached: 1 ✔
[ca/c6fe6b] process > subset_hlatypes_snp2hla (su... [100%] 2 of 2, cached: 2 ✔
[34/bf4dc8] process > combine_hlatypes_hibag (com... [100%] 1 of 1, cached: 1 ✔
[8e/6c6981] process > subset_hlatypes_hibag (subs... [100%] 2 of 2, cached: 2 ✔
[df/a8d2b2] process > get_geno_plink_dataset (get... [100%] 1 of 1, cached: 1 ✔
[6f/e26dc8] process > get_geno_plink_subpop (get_... [100%] 1 of 1, cached: 1
[-        ] process > make_snp2hlarefpanel_dataset   -
[-        ] process > make_snp2hlarefpanel_subpop    -
[-        ] process > convert_to_beagle_dataset      -
[-        ] process > convert_to_beagle_subpop       -
[-        ] process > makeref_snp2hla_phasing_dat... -
[-        ] process > makeref_snp2hla_phasing_subpop -
[-        ] process > hibag_impute_subpop            -
[-        ] process > hibag_impute_dataset           -

[62/37ddad] process > combine_hlatypes_snp2hla (s... [100%] 1 of 1, cached: 1 ✔
[ca/c6fe6b] process > subset_hlatypes_snp2hla (su... [100%] 2 of 2, cached: 2 ✔
[34/bf4dc8] process > combine_hlatypes_hibag (com... [100%] 1 of 1, cached: 1 ✔
[8e/6c6981] process > subset_hlatypes_hibag (subs... [100%] 2 of 2, cached: 2 ✔
[df/a8d2b2] process > get_geno_plink_dataset (get... [100%] 1 of 1, cached: 1 ✔
[2b/cd5a30] process > get_geno_plink_subpop (get_... [100%] 2 of 2, cached: 2 ✔
[-        ] process > make_snp2hlarefpanel_dataset   -
[-        ] process > make_snp2hlarefpanel_subpop    -
[-        ] process > convert_to_beagle_dataset      -
[-        ] process > convert_to_beagle_subpop       -
[-        ] process > makeref_snp2hla_phasing_dat... -
[-        ] process > makeref_snp2hla_phasing_subpop -
[-        ] process > hibag_impute_subpop            -
[-        ] process > hibag_impute_dataset           -

[62/37ddad] process > combine_hlatypes_snp2hla (s... [100%] 1 of 1, cached: 1 ✔
[ca/c6fe6b] process > subset_hlatypes_snp2hla (su... [100%] 2 of 2, cached: 2 ✔
[34/bf4dc8] process > combine_hlatypes_hibag (com... [100%] 1 of 1, cached: 1 ✔
[8e/6c6981] process > subset_hlatypes_hibag (subs... [100%] 2 of 2, cached: 2 ✔
[df/a8d2b2] process > get_geno_plink_dataset (get... [100%] 1 of 1, cached: 1 ✔
[2b/cd5a30] process > get_geno_plink_subpop (get_... [100%] 2 of 2, cached: 2 ✔
[a3/4cbcf6] process > make_snp2hlarefpanel_datase... [100%] 1 of 1, cached: 1 ✔
[c3/1b9a47] process > make_snp2hlarefpanel_subpop... [100%] 2 of 2, cached: 2 ✔
[-        ] process > convert_to_beagle_dataset      -
[-        ] process > convert_to_beagle_subpop       -
[-        ] process > makeref_snp2hla_phasing_dat... -
[-        ] process > makeref_snp2hla_phasing_subpop -
[-        ] process > hibag_impute_subpop            [  0%] 0 of 1
[-        ] process > hibag_impute_dataset           [  0%] 0 of 1
WARN: Input tuple does not match input set cardinality declared by process `convert_to_beagle_subpop` -- offending value: [1kg_all, africans, [/scratch3/users/nanje/hlatyping/results/work/c3/1b9a47bafb1829149f0866986f328f/1kg_all_africans_ref.AA.CODED.nosex, /scratch3/users/nanje/hlatyping/results/work/c3/1b9a47bafb1829149f0866986f328f/1kg_all_africans_ref.AA.FOUNDERS.nosex, /scratch3/users/nanje/hlatyping/results/work/c3/1b9a47bafb1829149f0866986f328f/1kg_all_africans_ref.FRQ.frq, /scratch3/users/nanje/hlatyping/results/work/c3/1b9a47bafb1829149f0866986f328f/1kg_all_africans_ref.FRQ.log, /scratch3/users/nanje/hlatyping/results/work/c3/1b9a47bafb1829149f0866986f328f/1kg_all_africans_ref.FRQ.nosex, /scratch3/users/nanje/hlatyping/results/work/c3/1b9a47bafb1829149f0866986f328f/1kg_all_africans_ref.HLA.FOUNDERS.nosex, /scratch3/users/nanje/hlatyping/results/work/c3/1b9a47bafb1829149f0866986f328f/1kg_all_africans_ref.HLA.nosex, /scratch3/users/nanje/hlatyping/results/work/c3/1b9a47bafb1829149f0866986f328f/1kg_all_africans_ref.SNPS.CODED.nosex, /scratch3/users/nanje/hlatyping/results/work/c3/1b9a47bafb1829149f0866986f328f/1kg_all_africans_ref.SNPS.FOUNDERS.nosex, /scratch3/users/nanje/hlatyping/results/work/c3/1b9a47bafb1829149f0866986f328f/1kg_all_africans_ref.bed, /scratch3/users/nanje/hlatyping/results/work/c3/1b9a47bafb1829149f0866986f328f/1kg_all_africans_ref.bim, /scratch3/users/nanje/hlatyping/results/work/c3/1b9a47bafb1829149f0866986f328f/1kg_all_africans_ref.dat, /scratch3/users/nanje/hlatyping/results/work/c3/1b9a47bafb1829149f0866986f328f/1kg_all_africans_ref.fam, /scratch3/users/nanje/hlatyping/results/work/c3/1b9a47bafb1829149f0866986f328f/1kg_all_africans_ref.log, /scratch3/users/nanje/hlatyping/results/work/c3/1b9a47bafb1829149f0866986f328f/1kg_all_africans_ref.markers, /scratch3/users/nanje/hlatyping/results/work/c3/1b9a47bafb1829149f0866986f328f/1kg_all_africans_ref.nopheno.ped, /scratch3/users/nanje/hlatyping/results/work/c3/1b9a47bafb1829149f0866986f328f/1kg_all_africans_ref.nosex]]
WARN: Input tuple does not match input set cardinality declared by process `convert_to_beagle_dataset` -- offending value: [1kg_all, 1kg_all, [/scratch3/users/nanje/hlatyping/results/work/a3/4cbcf62d4214099f8593534ac06b53/1kg_all_1kg_all_ref.AA.CODED.nosex, /scratch3/users/nanje/hlatyping/results/work/a3/4cbcf62d4214099f8593534ac06b53/1kg_all_1kg_all_ref.AA.FOUNDERS.nosex, /scratch3/users/nanje/hlatyping/results/work/a3/4cbcf62d4214099f8593534ac06b53/1kg_all_1kg_all_ref.FRQ.frq, /scratch3/users/nanje/hlatyping/results/work/a3/4cbcf62d4214099f8593534ac06b53/1kg_all_1kg_all_ref.FRQ.log, /scratch3/users/nanje/hlatyping/results/work/a3/4cbcf62d4214099f8593534ac06b53/1kg_all_1kg_all_ref.FRQ.nosex, /scratch3/users/nanje/hlatyping/results/work/a3/4cbcf62d4214099f8593534ac06b53/1kg_all_1kg_all_ref.HLA.FOUNDERS.nosex, /scratch3/users/nanje/hlatyping/results/work/a3/4cbcf62d4214099f8593534ac06b53/1kg_all_1kg_all_ref.HLA.nosex, /scratch3/users/nanje/hlatyping/results/work/a3/4cbcf62d4214099f8593534ac06b53/1kg_all_1kg_all_ref.SNPS.CODED.nosex, /scratch3/users/nanje/hlatyping/results/work/a3/4cbcf62d4214099f8593534ac06b53/1kg_all_1kg_all_ref.SNPS.FOUNDERS.nosex, /scratch3/users/nanje/hlatyping/results/work/a3/4cbcf62d4214099f8593534ac06b53/1kg_all_1kg_all_ref.bed, /scratch3/users/nanje/hlatyping/results/work/a3/4cbcf62d4214099f8593534ac06b53/1kg_all_1kg_all_ref.bim, /scratch3/users/nanje/hlatyping/results/work/a3/4cbcf62d4214099f8593534ac06b53/1kg_all_1kg_all_ref.dat, /scratch3/users/nanje/hlatyping/results/work/a3/4cbcf62d4214099f8593534ac06b53/1kg_all_1kg_all_ref.fam, /scratch3/users/nanje/hlatyping/results/work/a3/4cbcf62d4214099f8593534ac06b53/1kg_all_1kg_all_ref.log, /scratch3/users/nanje/hlatyping/results/work/a3/4cbcf62d4214099f8593534ac06b53/1kg_all_1kg_all_ref.markers, /scratch3/users/nanje/hlatyping/results/work/a3/4cbcf62d4214099f8593534ac06b53/1kg_all_1kg_all_ref.nopheno.ped, /scratch3/users/nanje/hlatyping/results/work/a3/4cbcf62d4214099f8593534ac06b53/1kg_all_1kg_all_ref.nosex]]

executor >  slurm (1)
[62/37ddad] process > combine_hlatypes_snp2hla (s... [100%] 1 of 1, cached: 1 ✔
[ca/c6fe6b] process > subset_hlatypes_snp2hla (su... [100%] 2 of 2, cached: 2 ✔
[34/bf4dc8] process > combine_hlatypes_hibag (com... [100%] 1 of 1, cached: 1 ✔
[8e/6c6981] process > subset_hlatypes_hibag (subs... [100%] 2 of 2, cached: 2 ✔
[df/a8d2b2] process > get_geno_plink_dataset (get... [100%] 1 of 1, cached: 1 ✔
[2b/cd5a30] process > get_geno_plink_subpop (get_... [100%] 2 of 2, cached: 2 ✔
[a3/4cbcf6] process > make_snp2hlarefpanel_datase... [100%] 1 of 1, cached: 1 ✔
[c3/1b9a47] process > make_snp2hlarefpanel_subpop... [100%] 2 of 2, cached: 2 ✔
[db/b4ddff] process > convert_to_beagle_dataset (... [100%] 1 of 1, cached: 1 ✔
[18/47e7d5] process > convert_to_beagle_subpop (c... [100%] 1 of 1, cached: 1
[-        ] process > makeref_snp2hla_phasing_dat... [  0%] 0 of 1
[-        ] process > makeref_snp2hla_phasing_subpop [  0%] 0 of 1
[a0/8803c5] process > hibag_impute_subpop (Perfor... [ 50%] 1 of 2, cached: 1
[98/9d5da5] process > hibag_impute_dataset (Perfo... [  0%] 0 of 1
WARN: Input tuple does not match input set cardinality declared by process `convert_to_beagle_subpop` -- offending value: [1kg_all, africans, [/scratch3/users/nanje/hlatyping/results/work/c3/1b9a47bafb1829149f0866986f328f/1kg_all_africans_ref.AA.CODED.nosex, /scratch3/users/nanje/hlatyping/results/work/c3/1b9a47bafb1829149f0866986f328f/1kg_all_africans_ref.AA.FOUNDERS.nosex, /scratch3/users/nanje/hlatyping/results/work/c3/1b9a47bafb1829149f0866986f328f/1kg_all_africans_ref.FRQ.frq, /scratch3/users/nanje/hlatyping/results/work/c3/1b9a47bafb1829149f0866986f328f/1kg_all_africans_ref.FRQ.log, /scratch3/users/nanje/hlatyping/results/work/c3/1b9a47bafb1829149f0866986f328f/1kg_all_africans_ref.FRQ.nosex, /scratch3/users/nanje/hlatyping/results/work/c3/1b9a47bafb1829149f0866986f328f/1kg_all_africans_ref.HLA.FOUNDERS.nosex, /scratch3/users/nanje/hlatyping/results/work/c3/1b9a47bafb1829149f0866986f328f/1kg_all_africans_ref.HLA.nosex, /scratch3/users/nanje/hlatyping/results/work/c3/1b9a47bafb1829149f0866986f328f/1kg_all_africans_ref.SNPS.CODED.nosex, /scratch3/users/nanje/hlatyping/results/work/c3/1b9a47bafb1829149f0866986f328f/1kg_all_africans_ref.SNPS.FOUNDERS.nosex, /scratch3/users/nanje/hlatyping/results/work/c3/1b9a47bafb1829149f0866986f328f/1kg_all_africans_ref.bed, /scratch3/users/nanje/hlatyping/results/work/c3/1b9a47bafb1829149f0866986f328f/1kg_all_africans_ref.bim, /scratch3/users/nanje/hlatyping/results/work/c3/1b9a47bafb1829149f0866986f328f/1kg_all_africans_ref.dat, /scratch3/users/nanje/hlatyping/results/work/c3/1b9a47bafb1829149f0866986f328f/1kg_all_africans_ref.fam, /scratch3/users/nanje/hlatyping/results/work/c3/1b9a47bafb1829149f0866986f328f/1kg_all_africans_ref.log, /scratch3/users/nanje/hlatyping/results/work/c3/1b9a47bafb1829149f0866986f328f/1kg_all_africans_ref.markers, /scratch3/users/nanje/hlatyping/results/work/c3/1b9a47bafb1829149f0866986f328f/1kg_all_africans_ref.nopheno.ped, /scratch3/users/nanje/hlatyping/results/work/c3/1b9a47bafb1829149f0866986f328f/1kg_all_africans_ref.nosex]]
WARN: Input tuple does not match input set cardinality declared by process `convert_to_beagle_dataset` -- offending value: [1kg_all, 1kg_all, [/scratch3/users/nanje/hlatyping/results/work/a3/4cbcf62d4214099f8593534ac06b53/1kg_all_1kg_all_ref.AA.CODED.nosex, /scratch3/users/nanje/hlatyping/results/work/a3/4cbcf62d4214099f8593534ac06b53/1kg_all_1kg_all_ref.AA.FOUNDERS.nosex, /scratch3/users/nanje/hlatyping/results/work/a3/4cbcf62d4214099f8593534ac06b53/1kg_all_1kg_all_ref.FRQ.frq, /scratch3/users/nanje/hlatyping/results/work/a3/4cbcf62d4214099f8593534ac06b53/1kg_all_1kg_all_ref.FRQ.log, /scratch3/users/nanje/hlatyping/results/work/a3/4cbcf62d4214099f8593534ac06b53/1kg_all_1kg_all_ref.FRQ.nosex, /scratch3/users/nanje/hlatyping/results/work/a3/4cbcf62d4214099f8593534ac06b53/1kg_all_1kg_all_ref.HLA.FOUNDERS.nosex, /scratch3/users/nanje/hlatyping/results/work/a3/4cbcf62d4214099f8593534ac06b53/1kg_all_1kg_all_ref.HLA.nosex, /scratch3/users/nanje/hlatyping/results/work/a3/4cbcf62d4214099f8593534ac06b53/1kg_all_1kg_all_ref.SNPS.CODED.nosex, /scratch3/users/nanje/hlatyping/results/work/a3/4cbcf62d4214099f8593534ac06b53/1kg_all_1kg_all_ref.SNPS.FOUNDERS.nosex, /scratch3/users/nanje/hlatyping/results/work/a3/4cbcf62d4214099f8593534ac06b53/1kg_all_1kg_all_ref.bed, /scratch3/users/nanje/hlatyping/results/work/a3/4cbcf62d4214099f8593534ac06b53/1kg_all_1kg_all_ref.bim, /scratch3/users/nanje/hlatyping/results/work/a3/4cbcf62d4214099f8593534ac06b53/1kg_all_1kg_all_ref.dat, /scratch3/users/nanje/hlatyping/results/work/a3/4cbcf62d4214099f8593534ac06b53/1kg_all_1kg_all_ref.fam, /scratch3/users/nanje/hlatyping/results/work/a3/4cbcf62d4214099f8593534ac06b53/1kg_all_1kg_all_ref.log, /scratch3/users/nanje/hlatyping/results/work/a3/4cbcf62d4214099f8593534ac06b53/1kg_all_1kg_all_ref.markers, /scratch3/users/nanje/hlatyping/results/work/a3/4cbcf62d4214099f8593534ac06b53/1kg_all_1kg_all_ref.nopheno.ped, /scratch3/users/nanje/hlatyping/results/work/a3/4cbcf62d4214099f8593534ac06b53/1kg_all_1kg_all_ref.nosex]]

executor >  slurm (5)
[62/37ddad] process > combine_hlatypes_snp2hla (s... [100%] 1 of 1, cached: 1 ✔
[ca/c6fe6b] process > subset_hlatypes_snp2hla (su... [100%] 2 of 2, cached: 2 ✔
[34/bf4dc8] process > combine_hlatypes_hibag (com... [100%] 1 of 1, cached: 1 ✔
[8e/6c6981] process > subset_hlatypes_hibag (subs... [100%] 2 of 2, cached: 2 ✔
[df/a8d2b2] process > get_geno_plink_dataset (get... [100%] 1 of 1, cached: 1 ✔
[2b/cd5a30] process > get_geno_plink_subpop (get_... [100%] 2 of 2, cached: 2 ✔
[a3/4cbcf6] process > make_snp2hlarefpanel_datase... [100%] 1 of 1, cached: 1 ✔
[c3/1b9a47] process > make_snp2hlarefpanel_subpop... [100%] 2 of 2, cached: 2 ✔
[db/b4ddff] process > convert_to_beagle_dataset (... [100%] 1 of 1, cached: 1 ✔
[17/aa8198] process > convert_to_beagle_subpop (c... [100%] 2 of 2, cached: 2 ✔
[d7/aa7d4b] process > makeref_snp2hla_phasing_dat... [  0%] 0 of 1
[10/f3fb53] process > makeref_snp2hla_phasing_sub... [  0%] 0 of 2
[2c/a2e148] process > hibag_impute_subpop (Perfor... [ 50%] 1 of 2, cached: 1
[98/9d5da5] process > hibag_impute_dataset (Perfo... [  0%] 0 of 1
WARN: Input tuple does not match input set cardinality declared by process `convert_to_beagle_subpop` -- offending value: [1kg_all, africans, [/scratch3/users/nanje/hlatyping/results/work/c3/1b9a47bafb1829149f0866986f328f/1kg_all_africans_ref.AA.CODED.nosex, /scratch3/users/nanje/hlatyping/results/work/c3/1b9a47bafb1829149f0866986f328f/1kg_all_africans_ref.AA.FOUNDERS.nosex, /scratch3/users/nanje/hlatyping/results/work/c3/1b9a47bafb1829149f0866986f328f/1kg_all_africans_ref.FRQ.frq, /scratch3/users/nanje/hlatyping/results/work/c3/1b9a47bafb1829149f0866986f328f/1kg_all_africans_ref.FRQ.log, /scratch3/users/nanje/hlatyping/results/work/c3/1b9a47bafb1829149f0866986f328f/1kg_all_africans_ref.FRQ.nosex, /scratch3/users/nanje/hlatyping/results/work/c3/1b9a47bafb1829149f0866986f328f/1kg_all_africans_ref.HLA.FOUNDERS.nosex, /scratch3/users/nanje/hlatyping/results/work/c3/1b9a47bafb1829149f0866986f328f/1kg_all_africans_ref.HLA.nosex, /scratch3/users/nanje/hlatyping/results/work/c3/1b9a47bafb1829149f0866986f328f/1kg_all_africans_ref.SNPS.CODED.nosex, /scratch3/users/nanje/hlatyping/results/work/c3/1b9a47bafb1829149f0866986f328f/1kg_all_africans_ref.SNPS.FOUNDERS.nosex, /scratch3/users/nanje/hlatyping/results/work/c3/1b9a47bafb1829149f0866986f328f/1kg_all_africans_ref.bed, /scratch3/users/nanje/hlatyping/results/work/c3/1b9a47bafb1829149f0866986f328f/1kg_all_africans_ref.bim, /scratch3/users/nanje/hlatyping/results/work/c3/1b9a47bafb1829149f0866986f328f/1kg_all_africans_ref.dat, /scratch3/users/nanje/hlatyping/results/work/c3/1b9a47bafb1829149f0866986f328f/1kg_all_africans_ref.fam, /scratch3/users/nanje/hlatyping/results/work/c3/1b9a47bafb1829149f0866986f328f/1kg_all_africans_ref.log, /scratch3/users/nanje/hlatyping/results/work/c3/1b9a47bafb1829149f0866986f328f/1kg_all_africans_ref.markers, /scratch3/users/nanje/hlatyping/results/work/c3/1b9a47bafb1829149f0866986f328f/1kg_all_africans_ref.nopheno.ped, /scratch3/users/nanje/hlatyping/results/work/c3/1b9a47bafb1829149f0866986f328f/1kg_all_africans_ref.nosex]]
WARN: Input tuple does not match input set cardinality declared by process `convert_to_beagle_dataset` -- offending value: [1kg_all, 1kg_all, [/scratch3/users/nanje/hlatyping/results/work/a3/4cbcf62d4214099f8593534ac06b53/1kg_all_1kg_all_ref.AA.CODED.nosex, /scratch3/users/nanje/hlatyping/results/work/a3/4cbcf62d4214099f8593534ac06b53/1kg_all_1kg_all_ref.AA.FOUNDERS.nosex, /scratch3/users/nanje/hlatyping/results/work/a3/4cbcf62d4214099f8593534ac06b53/1kg_all_1kg_all_ref.FRQ.frq, /scratch3/users/nanje/hlatyping/results/work/a3/4cbcf62d4214099f8593534ac06b53/1kg_all_1kg_all_ref.FRQ.log, /scratch3/users/nanje/hlatyping/results/work/a3/4cbcf62d4214099f8593534ac06b53/1kg_all_1kg_all_ref.FRQ.nosex, /scratch3/users/nanje/hlatyping/results/work/a3/4cbcf62d4214099f8593534ac06b53/1kg_all_1kg_all_ref.HLA.FOUNDERS.nosex, /scratch3/users/nanje/hlatyping/results/work/a3/4cbcf62d4214099f8593534ac06b53/1kg_all_1kg_all_ref.HLA.nosex, /scratch3/users/nanje/hlatyping/results/work/a3/4cbcf62d4214099f8593534ac06b53/1kg_all_1kg_all_ref.SNPS.CODED.nosex, /scratch3/users/nanje/hlatyping/results/work/a3/4cbcf62d4214099f8593534ac06b53/1kg_all_1kg_all_ref.SNPS.FOUNDERS.nosex, /scratch3/users/nanje/hlatyping/results/work/a3/4cbcf62d4214099f8593534ac06b53/1kg_all_1kg_all_ref.bed, /scratch3/users/nanje/hlatyping/results/work/a3/4cbcf62d4214099f8593534ac06b53/1kg_all_1kg_all_ref.bim, /scratch3/users/nanje/hlatyping/results/work/a3/4cbcf62d4214099f8593534ac06b53/1kg_all_1kg_all_ref.dat, /scratch3/users/nanje/hlatyping/results/work/a3/4cbcf62d4214099f8593534ac06b53/1kg_all_1kg_all_ref.fam, /scratch3/users/nanje/hlatyping/results/work/a3/4cbcf62d4214099f8593534ac06b53/1kg_all_1kg_all_ref.log, /scratch3/users/nanje/hlatyping/results/work/a3/4cbcf62d4214099f8593534ac06b53/1kg_all_1kg_all_ref.markers, /scratch3/users/nanje/hlatyping/results/work/a3/4cbcf62d4214099f8593534ac06b53/1kg_all_1kg_all_ref.nopheno.ped, /scratch3/users/nanje/hlatyping/results/work/a3/4cbcf62d4214099f8593534ac06b53/1kg_all_1kg_all_ref.nosex]]

executor >  slurm (5)
[62/37ddad] process > combine_hlatypes_snp2hla (s... [100%] 1 of 1, cached: 1 ✔
[ca/c6fe6b] process > subset_hlatypes_snp2hla (su... [100%] 2 of 2, cached: 2 ✔
[34/bf4dc8] process > combine_hlatypes_hibag (com... [100%] 1 of 1, cached: 1 ✔
[8e/6c6981] process > subset_hlatypes_hibag (subs... [100%] 2 of 2, cached: 2 ✔
[df/a8d2b2] process > get_geno_plink_dataset (get... [100%] 1 of 1, cached: 1 ✔
[2b/cd5a30] process > get_geno_plink_subpop (get_... [100%] 2 of 2, cached: 2 ✔
[a3/4cbcf6] process > make_snp2hlarefpanel_datase... [100%] 1 of 1, cached: 1 ✔
[c3/1b9a47] process > make_snp2hlarefpanel_subpop... [100%] 2 of 2, cached: 2 ✔
[db/b4ddff] process > convert_to_beagle_dataset (... [100%] 1 of 1, cached: 1 ✔
[17/aa8198] process > convert_to_beagle_subpop (c... [100%] 2 of 2, cached: 2 ✔
[d7/aa7d4b] process > makeref_snp2hla_phasing_dat... [  0%] 0 of 1
[10/f3fb53] process > makeref_snp2hla_phasing_sub... [  0%] 0 of 2
[2c/a2e148] process > hibag_impute_subpop (Perfor... [ 50%] 1 of 2, cached: 1
[98/9d5da5] process > hibag_impute_dataset (Perfo... [  0%] 0 of 1
WARN: Input tuple does not match input set cardinality declared by process `convert_to_beagle_subpop` -- offending value: [1kg_all, africans, [/scratch3/users/nanje/hlatyping/results/work/c3/1b9a47bafb1829149f0866986f328f/1kg_all_africans_ref.AA.CODED.nosex, /scratch3/users/nanje/hlatyping/results/work/c3/1b9a47bafb1829149f0866986f328f/1kg_all_africans_ref.AA.FOUNDERS.nosex, /scratch3/users/nanje/hlatyping/results/work/c3/1b9a47bafb1829149f0866986f328f/1kg_all_africans_ref.FRQ.frq, /scratch3/users/nanje/hlatyping/results/work/c3/1b9a47bafb1829149f0866986f328f/1kg_all_africans_ref.FRQ.log, /scratch3/users/nanje/hlatyping/results/work/c3/1b9a47bafb1829149f0866986f328f/1kg_all_africans_ref.FRQ.nosex, /scratch3/users/nanje/hlatyping/results/work/c3/1b9a47bafb1829149f0866986f328f/1kg_all_africans_ref.HLA.FOUNDERS.nosex, /scratch3/users/nanje/hlatyping/results/work/c3/1b9a47bafb1829149f0866986f328f/1kg_all_africans_ref.HLA.nosex, /scratch3/users/nanje/hlatyping/results/work/c3/1b9a47bafb1829149f0866986f328f/1kg_all_africans_ref.SNPS.CODED.nosex, /scratch3/users/nanje/hlatyping/results/work/c3/1b9a47bafb1829149f0866986f328f/1kg_all_africans_ref.SNPS.FOUNDERS.nosex, /scratch3/users/nanje/hlatyping/results/work/c3/1b9a47bafb1829149f0866986f328f/1kg_all_africans_ref.bed, /scratch3/users/nanje/hlatyping/results/work/c3/1b9a47bafb1829149f0866986f328f/1kg_all_africans_ref.bim, /scratch3/users/nanje/hlatyping/results/work/c3/1b9a47bafb1829149f0866986f328f/1kg_all_africans_ref.dat, /scratch3/users/nanje/hlatyping/results/work/c3/1b9a47bafb1829149f0866986f328f/1kg_all_africans_ref.fam, /scratch3/users/nanje/hlatyping/results/work/c3/1b9a47bafb1829149f0866986f328f/1kg_all_africans_ref.log, /scratch3/users/nanje/hlatyping/results/work/c3/1b9a47bafb1829149f0866986f328f/1kg_all_africans_ref.markers, /scratch3/users/nanje/hlatyping/results/work/c3/1b9a47bafb1829149f0866986f328f/1kg_all_africans_ref.nopheno.ped, /scratch3/users/nanje/hlatyping/results/work/c3/1b9a47bafb1829149f0866986f328f/1kg_all_africans_ref.nosex]]
WARN: Input tuple does not match input set cardinality declared by process `convert_to_beagle_dataset` -- offending value: [1kg_all, 1kg_all, [/scratch3/users/nanje/hlatyping/results/work/a3/4cbcf62d4214099f8593534ac06b53/1kg_all_1kg_all_ref.AA.CODED.nosex, /scratch3/users/nanje/hlatyping/results/work/a3/4cbcf62d4214099f8593534ac06b53/1kg_all_1kg_all_ref.AA.FOUNDERS.nosex, /scratch3/users/nanje/hlatyping/results/work/a3/4cbcf62d4214099f8593534ac06b53/1kg_all_1kg_all_ref.FRQ.frq, /scratch3/users/nanje/hlatyping/results/work/a3/4cbcf62d4214099f8593534ac06b53/1kg_all_1kg_all_ref.FRQ.log, /scratch3/users/nanje/hlatyping/results/work/a3/4cbcf62d4214099f8593534ac06b53/1kg_all_1kg_all_ref.FRQ.nosex, /scratch3/users/nanje/hlatyping/results/work/a3/4cbcf62d4214099f8593534ac06b53/1kg_all_1kg_all_ref.HLA.FOUNDERS.nosex, /scratch3/users/nanje/hlatyping/results/work/a3/4cbcf62d4214099f8593534ac06b53/1kg_all_1kg_all_ref.HLA.nosex, /scratch3/users/nanje/hlatyping/results/work/a3/4cbcf62d4214099f8593534ac06b53/1kg_all_1kg_all_ref.SNPS.CODED.nosex, /scratch3/users/nanje/hlatyping/results/work/a3/4cbcf62d4214099f8593534ac06b53/1kg_all_1kg_all_ref.SNPS.FOUNDERS.nosex, /scratch3/users/nanje/hlatyping/results/work/a3/4cbcf62d4214099f8593534ac06b53/1kg_all_1kg_all_ref.bed, /scratch3/users/nanje/hlatyping/results/work/a3/4cbcf62d4214099f8593534ac06b53/1kg_all_1kg_all_ref.bim, /scratch3/users/nanje/hlatyping/results/work/a3/4cbcf62d4214099f8593534ac06b53/1kg_all_1kg_all_ref.dat, /scratch3/users/nanje/hlatyping/results/work/a3/4cbcf62d4214099f8593534ac06b53/1kg_all_1kg_all_ref.fam, /scratch3/users/nanje/hlatyping/results/work/a3/4cbcf62d4214099f8593534ac06b53/1kg_all_1kg_all_ref.log, /scratch3/users/nanje/hlatyping/results/work/a3/4cbcf62d4214099f8593534ac06b53/1kg_all_1kg_all_ref.markers, /scratch3/users/nanje/hlatyping/results/work/a3/4cbcf62d4214099f8593534ac06b53/1kg_all_1kg_all_ref.nopheno.ped, /scratch3/users/nanje/hlatyping/results/work/a3/4cbcf62d4214099f8593534ac06b53/1kg_all_1kg_all_ref.nosex]]

executor >  slurm (5)
[62/37ddad] process > combine_hlatypes_snp2hla (s... [100%] 1 of 1, cached: 1 ✔
[ca/c6fe6b] process > subset_hlatypes_snp2hla (su... [100%] 2 of 2, cached: 2 ✔
[34/bf4dc8] process > combine_hlatypes_hibag (com... [100%] 1 of 1, cached: 1 ✔
[8e/6c6981] process > subset_hlatypes_hibag (subs... [100%] 2 of 2, cached: 2 ✔
[df/a8d2b2] process > get_geno_plink_dataset (get... [100%] 1 of 1, cached: 1 ✔
[2b/cd5a30] process > get_geno_plink_subpop (get_... [100%] 2 of 2, cached: 2 ✔
[a3/4cbcf6] process > make_snp2hlarefpanel_datase... [100%] 1 of 1, cached: 1 ✔
[c3/1b9a47] process > make_snp2hlarefpanel_subpop... [100%] 2 of 2, cached: 2 ✔
[db/b4ddff] process > convert_to_beagle_dataset (... [100%] 1 of 1, cached: 1 ✔
[17/aa8198] process > convert_to_beagle_subpop (c... [100%] 2 of 2, cached: 2 ✔
[d7/aa7d4b] process > makeref_snp2hla_phasing_dat... [  0%] 0 of 1
[10/f3fb53] process > makeref_snp2hla_phasing_sub... [  0%] 0 of 2
[2c/a2e148] process > hibag_impute_subpop (Perfor... [ 50%] 1 of 2, cached: 1
[98/9d5da5] process > hibag_impute_dataset (Perfo... [  0%] 0 of 1
WARN: Input tuple does not match input set cardinality declared by process `convert_to_beagle_subpop` -- offending value: [1kg_all, africans, [/scratch3/users/nanje/hlatyping/results/work/c3/1b9a47bafb1829149f0866986f328f/1kg_all_africans_ref.AA.CODED.nosex, /scratch3/users/nanje/hlatyping/results/work/c3/1b9a47bafb1829149f0866986f328f/1kg_all_africans_ref.AA.FOUNDERS.nosex, /scratch3/users/nanje/hlatyping/results/work/c3/1b9a47bafb1829149f0866986f328f/1kg_all_africans_ref.FRQ.frq, /scratch3/users/nanje/hlatyping/results/work/c3/1b9a47bafb1829149f0866986f328f/1kg_all_africans_ref.FRQ.log, /scratch3/users/nanje/hlatyping/results/work/c3/1b9a47bafb1829149f0866986f328f/1kg_all_africans_ref.FRQ.nosex, /scratch3/users/nanje/hlatyping/results/work/c3/1b9a47bafb1829149f0866986f328f/1kg_all_africans_ref.HLA.FOUNDERS.nosex, /scratch3/users/nanje/hlatyping/results/work/c3/1b9a47bafb1829149f0866986f328f/1kg_all_africans_ref.HLA.nosex, /scratch3/users/nanje/hlatyping/results/work/c3/1b9a47bafb1829149f0866986f328f/1kg_all_africans_ref.SNPS.CODED.nosex, /scratch3/users/nanje/hlatyping/results/work/c3/1b9a47bafb1829149f0866986f328f/1kg_all_africans_ref.SNPS.FOUNDERS.nosex, /scratch3/users/nanje/hlatyping/results/work/c3/1b9a47bafb1829149f0866986f328f/1kg_all_africans_ref.bed, /scratch3/users/nanje/hlatyping/results/work/c3/1b9a47bafb1829149f0866986f328f/1kg_all_africans_ref.bim, /scratch3/users/nanje/hlatyping/results/work/c3/1b9a47bafb1829149f0866986f328f/1kg_all_africans_ref.dat, /scratch3/users/nanje/hlatyping/results/work/c3/1b9a47bafb1829149f0866986f328f/1kg_all_africans_ref.fam, /scratch3/users/nanje/hlatyping/results/work/c3/1b9a47bafb1829149f0866986f328f/1kg_all_africans_ref.log, /scratch3/users/nanje/hlatyping/results/work/c3/1b9a47bafb1829149f0866986f328f/1kg_all_africans_ref.markers, /scratch3/users/nanje/hlatyping/results/work/c3/1b9a47bafb1829149f0866986f328f/1kg_all_africans_ref.nopheno.ped, /scratch3/users/nanje/hlatyping/results/work/c3/1b9a47bafb1829149f0866986f328f/1kg_all_africans_ref.nosex]]
WARN: Input tuple does not match input set cardinality declared by process `convert_to_beagle_dataset` -- offending value: [1kg_all, 1kg_all, [/scratch3/users/nanje/hlatyping/results/work/a3/4cbcf62d4214099f8593534ac06b53/1kg_all_1kg_all_ref.AA.CODED.nosex, /scratch3/users/nanje/hlatyping/results/work/a3/4cbcf62d4214099f8593534ac06b53/1kg_all_1kg_all_ref.AA.FOUNDERS.nosex, /scratch3/users/nanje/hlatyping/results/work/a3/4cbcf62d4214099f8593534ac06b53/1kg_all_1kg_all_ref.FRQ.frq, /scratch3/users/nanje/hlatyping/results/work/a3/4cbcf62d4214099f8593534ac06b53/1kg_all_1kg_all_ref.FRQ.log, /scratch3/users/nanje/hlatyping/results/work/a3/4cbcf62d4214099f8593534ac06b53/1kg_all_1kg_all_ref.FRQ.nosex, /scratch3/users/nanje/hlatyping/results/work/a3/4cbcf62d4214099f8593534ac06b53/1kg_all_1kg_all_ref.HLA.FOUNDERS.nosex, /scratch3/users/nanje/hlatyping/results/work/a3/4cbcf62d4214099f8593534ac06b53/1kg_all_1kg_all_ref.HLA.nosex, /scratch3/users/nanje/hlatyping/results/work/a3/4cbcf62d4214099f8593534ac06b53/1kg_all_1kg_all_ref.SNPS.CODED.nosex, /scratch3/users/nanje/hlatyping/results/work/a3/4cbcf62d4214099f8593534ac06b53/1kg_all_1kg_all_ref.SNPS.FOUNDERS.nosex, /scratch3/users/nanje/hlatyping/results/work/a3/4cbcf62d4214099f8593534ac06b53/1kg_all_1kg_all_ref.bed, /scratch3/users/nanje/hlatyping/results/work/a3/4cbcf62d4214099f8593534ac06b53/1kg_all_1kg_all_ref.bim, /scratch3/users/nanje/hlatyping/results/work/a3/4cbcf62d4214099f8593534ac06b53/1kg_all_1kg_all_ref.dat, /scratch3/users/nanje/hlatyping/results/work/a3/4cbcf62d4214099f8593534ac06b53/1kg_all_1kg_all_ref.fam, /scratch3/users/nanje/hlatyping/results/work/a3/4cbcf62d4214099f8593534ac06b53/1kg_all_1kg_all_ref.log, /scratch3/users/nanje/hlatyping/results/work/a3/4cbcf62d4214099f8593534ac06b53/1kg_all_1kg_all_ref.markers, /scratch3/users/nanje/hlatyping/results/work/a3/4cbcf62d4214099f8593534ac06b53/1kg_all_1kg_all_ref.nopheno.ped, /scratch3/users/nanje/hlatyping/results/work/a3/4cbcf62d4214099f8593534ac06b53/1kg_all_1kg_all_ref.nosex]]

executor >  slurm (5)
[62/37ddad] process > combine_hlatypes_snp2hla (s... [100%] 1 of 1, cached: 1 ✔
[ca/c6fe6b] process > subset_hlatypes_snp2hla (su... [100%] 2 of 2, cached: 2 ✔
[34/bf4dc8] process > combine_hlatypes_hibag (com... [100%] 1 of 1, cached: 1 ✔
[8e/6c6981] process > subset_hlatypes_hibag (subs... [100%] 2 of 2, cached: 2 ✔
[df/a8d2b2] process > get_geno_plink_dataset (get... [100%] 1 of 1, cached: 1 ✔
[2b/cd5a30] process > get_geno_plink_subpop (get_... [100%] 2 of 2, cached: 2 ✔
[a3/4cbcf6] process > make_snp2hlarefpanel_datase... [100%] 1 of 1, cached: 1 ✔
[c3/1b9a47] process > make_snp2hlarefpanel_subpop... [100%] 2 of 2, cached: 2 ✔
[db/b4ddff] process > convert_to_beagle_dataset (... [100%] 1 of 1, cached: 1 ✔
[17/aa8198] process > convert_to_beagle_subpop (c... [100%] 2 of 2, cached: 2 ✔
[d7/aa7d4b] process > makeref_snp2hla_phasing_dat... [  0%] 0 of 1
[10/f3fb53] process > makeref_snp2hla_phasing_sub... [ 50%] 1 of 2
[2c/a2e148] process > hibag_impute_subpop (Perfor... [ 50%] 1 of 2, cached: 1
[98/9d5da5] process > hibag_impute_dataset (Perfo... [  0%] 0 of 1



executor >  slurm (6)
[62/37ddad] process > combine_hlatypes_snp2hla (s... [100%] 1 of 1, cached: 1 ✔
[ca/c6fe6b] process > subset_hlatypes_snp2hla (su... [100%] 2 of 2, cached: 2 ✔
[34/bf4dc8] process > combine_hlatypes_hibag (com... [100%] 1 of 1, cached: 1 ✔
[8e/6c6981] process > subset_hlatypes_hibag (subs... [100%] 2 of 2, cached: 2 ✔
[df/a8d2b2] process > get_geno_plink_dataset (get... [100%] 1 of 1, cached: 1 ✔
[2b/cd5a30] process > get_geno_plink_subpop (get_... [100%] 2 of 2, cached: 2 ✔
[a3/4cbcf6] process > make_snp2hlarefpanel_datase... [100%] 1 of 1, cached: 1 ✔
[c3/1b9a47] process > make_snp2hlarefpanel_subpop... [100%] 2 of 2, cached: 2 ✔
[db/b4ddff] process > convert_to_beagle_dataset (... [100%] 1 of 1, cached: 1 ✔
[17/aa8198] process > convert_to_beagle_subpop (c... [100%] 2 of 2, cached: 2 ✔
[d7/aa7d4b] process > makeref_snp2hla_phasing_dat... [  0%] 0 of 1
[ca/9624ad] process > makeref_snp2hla_phasing_sub... [ 67%] 2 of 3, failed: 1...
[2c/a2e148] process > hibag_impute_subpop (Perfor... [ 50%] 1 of 2, cached: 1
[98/9d5da5] process > hibag_impute_dataset (Perfo... [  0%] 0 of 1
[79/3c2e7e] NOTE: Process `makeref_snp2hla_phasing_subpop (makeref_snp2hla_phasing_1kg_all_africans)` terminated with an error exit status (1) -- Execution is retried (1)


executor >  slurm (6)
[62/37ddad] process > combine_hlatypes_snp2hla (s... [100%] 1 of 1, cached: 1 ✔
[ca/c6fe6b] process > subset_hlatypes_snp2hla (su... [100%] 2 of 2, cached: 2 ✔
[34/bf4dc8] process > combine_hlatypes_hibag (com... [100%] 1 of 1, cached: 1 ✔
[8e/6c6981] process > subset_hlatypes_hibag (subs... [100%] 2 of 2, cached: 2 ✔
[df/a8d2b2] process > get_geno_plink_dataset (get... [100%] 1 of 1, cached: 1 ✔
[2b/cd5a30] process > get_geno_plink_subpop (get_... [100%] 2 of 2, cached: 2 ✔
[a3/4cbcf6] process > make_snp2hlarefpanel_datase... [100%] 1 of 1, cached: 1 ✔
[c3/1b9a47] process > make_snp2hlarefpanel_subpop... [100%] 2 of 2, cached: 2 ✔
[db/b4ddff] process > convert_to_beagle_dataset (... [100%] 1 of 1, cached: 1 ✔
[17/aa8198] process > convert_to_beagle_subpop (c... [100%] 2 of 2, cached: 2 ✔
[d7/aa7d4b] process > makeref_snp2hla_phasing_dat... [  0%] 0 of 1
[ca/9624ad] process > makeref_snp2hla_phasing_sub... [ 67%] 2 of 3, failed: 1...
[2c/a2e148] process > hibag_impute_subpop (Perfor... [ 50%] 1 of 2, cached: 1
[98/9d5da5] process > hibag_impute_dataset (Perfo... [  0%] 0 of 1
[79/3c2e7e] NOTE: Process `makeref_snp2hla_phasing_subpop (makeref_snp2hla_phasing_1kg_all_africans)` terminated with an error exit status (1) -- Execution is retried (1)
