submitting slurm job
Open "/scratch3/users/nanje/hlatyping/results/my-results/Genotypes/Reference/h3a_h3a_geno.bed" in the SNP-major mode.
Open "/scratch3/users/nanje/hlatyping/results/my-results/Genotypes/Reference/h3a_h3a_geno.fam".
Open "/scratch3/users/nanje/hlatyping/results/my-results/Genotypes/Reference/h3a_h3a_geno.bim".
Import 201822 SNPs within the xMHC region on chromosome 6.
   sample.id   A.1   A.2   B.1   B.2   C.1   C.2 DQA1.1 DQA1.2 DQB1.1 DQB1.2
1  A0128-dna 34:02 36:01 13:02 15:16 08:04 14:02   <NA>   <NA>   <NA>   <NA>
3    NA19043 02:01 30:02 18:01 18:01 07:04 07:04   <NA>   <NA>   <NA>   <NA>
8    HG02309 33:03 34:02 15:10 53:01 03:04 04:01   <NA>   <NA>   <NA>   <NA>
9      ZR002 23:01 30:02 18:01 82:01 03:02 05:01   <NA>   <NA>   <NA>   <NA>
11   HG02595 01:01 23:01 14:01 35:01 04:01 08:02   <NA>   <NA>   <NA>   <NA>
13     IBA0D 23:01 30:01 27:03 58:01 07:01 08:02   <NA>   <NA>   <NA>   <NA>
   DRB1.1 DRB1.2
1    <NA>   <NA>
3    <NA>   <NA>
8    <NA>   <NA>
9    <NA>   <NA>
11   <NA>   <NA>
13   <NA>   <NA>
[1] 1089   13
[1] 28865
SNP genotypes: 
    1089 samples X 28865 SNPs
    SNPs range from 30736541bp to 31739837bp on hg19
Missing rate per SNP:
    min: 0, max: 0, mean: 0, median: 0, sd: 0
Missing rate per sample:
    min: 0, max: 0, mean: 0, median: 0, sd: 0
Minor allele frequency:
    min: 0, max: 0.5, mean: 0.0790969, median: 0.00826446, sd: 0.127685
Allelic information:
  A/G   T/C   C/T   G/A   C/G   T/G   A/C   G/C   G/T   C/A   T/A   A/T  T/TG 
 6314  5925  3568  3541  1206  1184  1164  1126   841   827   747   744    58 
 A/AG  C/CA  C/CT  T/TC  T/TA  G/GA  A/AT  CT/C  TA/T  A/AC  AT/A  G/GT  G/GC 
   54    54    52    48    44    43    39    39    39    33    29    29    26 
 GA/G  CA/C C/CAG  AG/A  GT/G   ... 
   26    25    24    22    22   972 
Build a HIBAG model of 100 individual classifiers in parallel with 32 compute nodes:
The model is autosaved in 'h3a_h3a_HLA_C_Model.RData'.
2021-08-03 03:11:20,   1, job 16, # of SNPs: 94, # of haplo: 1017, acc: 93.9%
  --  avg out-of-bag acc: 93.92%, sd: NA%, min: 93.92%, max: 93.92%
2021-08-03 04:49:48,   2, job 28, # of SNPs: 97, # of haplo: 1094, acc: 94.2%
  --  avg out-of-bag acc: 94.07%, sd: 0.21%, min: 93.92%, max: 94.21%
2021-08-03 07:32:14,   3, job 32, # of SNPs: 79, # of haplo: 1111, acc: 94.4%
  --  avg out-of-bag acc: 94.19%, sd: 0.26%, min: 93.92%, max: 94.44%
2021-08-03 09:42:08,   4, job 12, # of SNPs: 97, # of haplo: 1174, acc: 95.0%
  --  avg out-of-bag acc: 94.40%, sd: 0.47%, min: 93.92%, max: 95.04%
2021-08-03 10:04:43,   5, job 19, # of SNPs: 105, # of haplo: 1259, acc: 93.8%
  --  avg out-of-bag acc: 94.27%, sd: 0.50%, min: 93.75%, max: 95.04%
2021-08-03 11:07:43,   6, job 13, # of SNPs: 86, # of haplo: 1179, acc: 94.3%
  --  avg out-of-bag acc: 94.28%, sd: 0.45%, min: 93.75%, max: 95.04%
2021-08-03 11:40:13,   7, job  9, # of SNPs: 128, # of haplo: 1444, acc: 95.2%
  --  avg out-of-bag acc: 94.42%, sd: 0.55%, min: 93.75%, max: 95.24%
2021-08-03 11:49:45,   8, job 30, # of SNPs: 128, # of haplo: 1345, acc: 95.1%
  --  avg out-of-bag acc: 94.50%, sd: 0.56%, min: 93.75%, max: 95.24%
2021-08-03 12:46:49,   9, job  2, # of SNPs: 94, # of haplo: 1309, acc: 93.8%
  --  avg out-of-bag acc: 94.42%, sd: 0.57%, min: 93.75%, max: 95.24%
2021-08-03 13:20:52,  10, job 21, # of SNPs: 115, # of haplo: 1257, acc: 94.4%
  --  avg out-of-bag acc: 94.42%, sd: 0.54%, min: 93.75%, max: 95.24%
2021-08-03 14:08:39,  11, job  3, # of SNPs: 121, # of haplo: 1239, acc: 92.9%
  --  avg out-of-bag acc: 94.28%, sd: 0.68%, min: 92.91%, max: 95.24%
2021-08-03 16:33:03,  12, job 24, # of SNPs: 114, # of haplo: 1321, acc: 95.0%
  --  avg out-of-bag acc: 94.34%, sd: 0.68%, min: 92.91%, max: 95.24%
2021-08-03 17:10:19,  13, job  7, # of SNPs: 122, # of haplo: 1295, acc: 94.7%
  --  avg out-of-bag acc: 94.37%, sd: 0.66%, min: 92.91%, max: 95.24%
2021-08-03 19:34:39,  14, job 18, # of SNPs: 128, # of haplo: 1627, acc: 94.1%
  --  avg out-of-bag acc: 94.35%, sd: 0.64%, min: 92.91%, max: 95.24%
2021-08-03 19:57:09,  15, job 19, # of SNPs: 56, # of haplo: 1074, acc: 93.1%
  --  avg out-of-bag acc: 94.26%, sd: 0.70%, min: 92.91%, max: 95.24%
2021-08-03 21:49:43,  16, job  4, # of SNPs: 113, # of haplo: 1406, acc: 93.4%
  --  avg out-of-bag acc: 94.21%, sd: 0.71%, min: 92.91%, max: 95.24%
2021-08-03 21:54:01,  17, job 30, # of SNPs: 128, # of haplo: 1062, acc: 93.7%
  --  avg out-of-bag acc: 94.18%, sd: 0.70%, min: 92.91%, max: 95.24%
2021-08-03 22:01:03,  18, job  6, # of SNPs: 115, # of haplo: 1194, acc: 94.1%
  --  avg out-of-bag acc: 94.18%, sd: 0.68%, min: 92.91%, max: 95.24%
2021-08-03 22:21:14,  19, job 26, # of SNPs: 112, # of haplo: 1201, acc: 93.8%
  --  avg out-of-bag acc: 94.16%, sd: 0.66%, min: 92.91%, max: 95.24%
2021-08-03 23:11:52,  20, job  8, # of SNPs: 92, # of haplo: 1490, acc: 93.3%
  --  avg out-of-bag acc: 94.11%, sd: 0.68%, min: 92.91%, max: 95.24%
2021-08-03 23:36:40,  21, job 20, # of SNPs: 107, # of haplo: 1364, acc: 94.1%
  --  avg out-of-bag acc: 94.11%, sd: 0.66%, min: 92.91%, max: 95.24%
2021-08-04 00:48:44,  22, job 18, # of SNPs: 60, # of haplo: 815, acc: 94.3%
  --  avg out-of-bag acc: 94.12%, sd: 0.64%, min: 92.91%, max: 95.24%
2021-08-04 01:44:57,  23, job 22, # of SNPs: 126, # of haplo: 1527, acc: 93.5%
  --  avg out-of-bag acc: 94.09%, sd: 0.64%, min: 92.91%, max: 95.24%
2021-08-04 01:55:20,  24, job 25, # of SNPs: 115, # of haplo: 1445, acc: 94.5%
  --  avg out-of-bag acc: 94.11%, sd: 0.64%, min: 92.91%, max: 95.24%
2021-08-04 02:43:54,  25, job 11, # of SNPs: 101, # of haplo: 1648, acc: 94.2%
  --  avg out-of-bag acc: 94.11%, sd: 0.62%, min: 92.91%, max: 95.24%
2021-08-04 03:04:33,  26, job 32, # of SNPs: 105, # of haplo: 1234, acc: 94.6%
  --  avg out-of-bag acc: 94.13%, sd: 0.62%, min: 92.91%, max: 95.24%
2021-08-04 03:56:05,  27, job  9, # of SNPs: 92, # of haplo: 1091, acc: 93.3%
  --  avg out-of-bag acc: 94.10%, sd: 0.63%, min: 92.91%, max: 95.24%
2021-08-04 05:54:25,  28, job 27, # of SNPs: 112, # of haplo: 1378, acc: 93.6%
  --  avg out-of-bag acc: 94.09%, sd: 0.62%, min: 92.91%, max: 95.24%
2021-08-04 07:03:50,  29, job 31, # of SNPs: 116, # of haplo: 1590, acc: 96.0%
  --  avg out-of-bag acc: 94.15%, sd: 0.71%, min: 92.91%, max: 95.96%
2021-08-04 08:18:30,  30, job 10, # of SNPs: 117, # of haplo: 1582, acc: 94.8%
  --  avg out-of-bag acc: 94.17%, sd: 0.70%, min: 92.91%, max: 95.96%
2021-08-04 09:48:27,  31, job 14, # of SNPs: 107, # of haplo: 1667, acc: 94.5%
  --  avg out-of-bag acc: 94.18%, sd: 0.69%, min: 92.91%, max: 95.96%
2021-08-04 11:32:56,  32, job 12, # of SNPs: 128, # of haplo: 1360, acc: 96.1%
  --  avg out-of-bag acc: 94.24%, sd: 0.76%, min: 92.91%, max: 96.13%
2021-08-04 12:32:41,  33, job  1, # of SNPs: 128, # of haplo: 1893, acc: 94.7%
  --  avg out-of-bag acc: 94.26%, sd: 0.76%, min: 92.91%, max: 96.13%
2021-08-04 13:59:53,  34, job 29, # of SNPs: 128, # of haplo: 1584, acc: 94.2%
  --  avg out-of-bag acc: 94.26%, sd: 0.74%, min: 92.91%, max: 96.13%
2021-08-04 15:04:32,  35, job  9, # of SNPs: 128, # of haplo: 1055, acc: 96.1%
  --  avg out-of-bag acc: 94.31%, sd: 0.80%, min: 92.91%, max: 96.13%
2021-08-04 17:01:22,  36, job  4, # of SNPs: 128, # of haplo: 1508, acc: 94.0%
  --  avg out-of-bag acc: 94.30%, sd: 0.79%, min: 92.91%, max: 96.13%
2021-08-04 17:23:10,  37, job  6, # of SNPs: 96, # of haplo: 1205, acc: 92.8%
  --  avg out-of-bag acc: 94.26%, sd: 0.81%, min: 92.80%, max: 96.13%
2021-08-04 18:16:27,  38, job 11, # of SNPs: 93, # of haplo: 1132, acc: 93.0%
  --  avg out-of-bag acc: 94.23%, sd: 0.83%, min: 92.80%, max: 96.13%
2021-08-04 18:30:16,  39, job  7, # of SNPs: 109, # of haplo: 1358, acc: 93.8%
  --  avg out-of-bag acc: 94.22%, sd: 0.82%, min: 92.80%, max: 96.13%
2021-08-04 18:42:24,  40, job  1, # of SNPs: 79, # of haplo: 702, acc: 93.2%
  --  avg out-of-bag acc: 94.19%, sd: 0.82%, min: 92.80%, max: 96.13%
2021-08-04 18:55:25,  41, job 21, # of SNPs: 128, # of haplo: 1492, acc: 93.8%
  --  avg out-of-bag acc: 94.18%, sd: 0.82%, min: 92.80%, max: 96.13%
2021-08-04 19:04:53,  42, job 23, # of SNPs: 120, # of haplo: 1617, acc: 93.0%
  --  avg out-of-bag acc: 94.15%, sd: 0.83%, min: 92.80%, max: 96.13%
2021-08-04 19:08:05,  43, job 32, # of SNPs: 100, # of haplo: 1142, acc: 93.8%
  --  avg out-of-bag acc: 94.15%, sd: 0.82%, min: 92.80%, max: 96.13%
2021-08-04 20:02:45,  44, job 28, # of SNPs: 124, # of haplo: 1904, acc: 92.5%
  --  avg out-of-bag acc: 94.11%, sd: 0.84%, min: 92.50%, max: 96.13%
2021-08-04 21:10:07,  45, job 10, # of SNPs: 80, # of haplo: 947, acc: 93.1%
  --  avg out-of-bag acc: 94.09%, sd: 0.85%, min: 92.50%, max: 96.13%
2021-08-04 21:49:49,  46, job 17, # of SNPs: 127, # of haplo: 1959, acc: 94.5%
  --  avg out-of-bag acc: 94.10%, sd: 0.84%, min: 92.50%, max: 96.13%
2021-08-04 22:45:53,  47, job 30, # of SNPs: 119, # of haplo: 1383, acc: 93.8%
  --  avg out-of-bag acc: 94.09%, sd: 0.83%, min: 92.50%, max: 96.13%
2021-08-04 23:34:02,  48, job 20, # of SNPs: 128, # of haplo: 1111, acc: 95.2%
  --  avg out-of-bag acc: 94.11%, sd: 0.84%, min: 92.50%, max: 96.13%
2021-08-05 01:22:59,  49, job 14, # of SNPs: 128, # of haplo: 1314, acc: 94.0%
  --  avg out-of-bag acc: 94.11%, sd: 0.83%, min: 92.50%, max: 96.13%
2021-08-05 01:51:38,  50, job 26, # of SNPs: 110, # of haplo: 1349, acc: 93.8%
  --  avg out-of-bag acc: 94.10%, sd: 0.82%, min: 92.50%, max: 96.13%
2021-08-05 03:11:46,  51, job  3, # of SNPs: 104, # of haplo: 1605, acc: 94.4%
  --  avg out-of-bag acc: 94.11%, sd: 0.82%, min: 92.50%, max: 96.13%
2021-08-05 03:25:23,  52, job  9, # of SNPs: 83, # of haplo: 982, acc: 93.4%
  --  avg out-of-bag acc: 94.10%, sd: 0.81%, min: 92.50%, max: 96.13%
2021-08-05 04:44:11,  53, job 27, # of SNPs: 128, # of haplo: 1630, acc: 94.9%
  --  avg out-of-bag acc: 94.11%, sd: 0.81%, min: 92.50%, max: 96.13%
2021-08-05 07:02:55,  54, job 12, # of SNPs: 83, # of haplo: 1215, acc: 93.6%
  --  avg out-of-bag acc: 94.10%, sd: 0.81%, min: 92.50%, max: 96.13%
2021-08-05 07:20:45,  55, job  8, # of SNPs: 128, # of haplo: 1839, acc: 93.8%
  --  avg out-of-bag acc: 94.10%, sd: 0.80%, min: 92.50%, max: 96.13%
2021-08-05 09:32:43,  56, job 19, # of SNPs: 128, # of haplo: 1569, acc: 95.8%
  --  avg out-of-bag acc: 94.13%, sd: 0.83%, min: 92.50%, max: 96.13%
2021-08-05 09:33:00,  57, job 32, # of SNPs: 67, # of haplo: 1090, acc: 92.9%
  --  avg out-of-bag acc: 94.11%, sd: 0.83%, min: 92.50%, max: 96.13%
2021-08-05 10:47:30,  58, job  4, # of SNPs: 128, # of haplo: 1225, acc: 93.7%
  --  avg out-of-bag acc: 94.10%, sd: 0.83%, min: 92.50%, max: 96.13%
2021-08-05 11:17:48,  59, job 21, # of SNPs: 128, # of haplo: 1483, acc: 93.7%
  --  avg out-of-bag acc: 94.09%, sd: 0.82%, min: 92.50%, max: 96.13%
2021-08-05 11:45:04,  60, job 24, # of SNPs: 128, # of haplo: 1699, acc: 92.8%
  --  avg out-of-bag acc: 94.07%, sd: 0.84%, min: 92.50%, max: 96.13%
2021-08-05 11:51:29,  61, job 15, # of SNPs: 128, # of haplo: 2157, acc: 94.7%
  --  avg out-of-bag acc: 94.08%, sd: 0.83%, min: 92.50%, max: 96.13%
2021-08-05 13:26:22,  62, job 25, # of SNPs: 117, # of haplo: 1751, acc: 95.4%
  --  avg out-of-bag acc: 94.10%, sd: 0.84%, min: 92.50%, max: 96.13%
2021-08-05 13:51:56,  63, job 16, # of SNPs: 109, # of haplo: 1928, acc: 94.5%
  --  avg out-of-bag acc: 94.11%, sd: 0.84%, min: 92.50%, max: 96.13%
2021-08-05 14:54:16,  64, job 11, # of SNPs: 70, # of haplo: 1234, acc: 94.4%
  --  avg out-of-bag acc: 94.11%, sd: 0.83%, min: 92.50%, max: 96.13%
2021-08-05 15:03:37,  65, job  5, # of SNPs: 115, # of haplo: 1830, acc: 94.2%
  --  avg out-of-bag acc: 94.11%, sd: 0.82%, min: 92.50%, max: 96.13%
2021-08-05 15:20:11,  66, job 30, # of SNPs: 96, # of haplo: 1082, acc: 93.2%
  --  avg out-of-bag acc: 94.10%, sd: 0.82%, min: 92.50%, max: 96.13%
2021-08-05 16:26:24,  67, job 22, # of SNPs: 119, # of haplo: 1464, acc: 94.3%
  --  avg out-of-bag acc: 94.10%, sd: 0.82%, min: 92.50%, max: 96.13%
2021-08-05 18:00:59,  68, job 13, # of SNPs: 112, # of haplo: 1584, acc: 95.0%
  --  avg out-of-bag acc: 94.11%, sd: 0.82%, min: 92.50%, max: 96.13%
2021-08-05 18:40:40,  69, job  6, # of SNPs: 128, # of haplo: 1349, acc: 93.6%
  --  avg out-of-bag acc: 94.11%, sd: 0.82%, min: 92.50%, max: 96.13%
2021-08-05 19:35:31,  70, job 13, # of SNPs: 93, # of haplo: 1165, acc: 95.3%
  --  avg out-of-bag acc: 94.12%, sd: 0.82%, min: 92.50%, max: 96.13%
2021-08-05 20:19:44,  71, job  8, # of SNPs: 128, # of haplo: 1425, acc: 94.5%
  --  avg out-of-bag acc: 94.13%, sd: 0.82%, min: 92.50%, max: 96.13%
2021-08-05 21:55:41,  72, job  2, # of SNPs: 106, # of haplo: 1857, acc: 95.3%
  --  avg out-of-bag acc: 94.15%, sd: 0.82%, min: 92.50%, max: 96.13%
2021-08-05 22:57:05,  73, job 22, # of SNPs: 100, # of haplo: 1343, acc: 93.5%
  --  avg out-of-bag acc: 94.14%, sd: 0.82%, min: 92.50%, max: 96.13%
2021-08-05 23:45:41,  74, job 15, # of SNPs: 128, # of haplo: 1142, acc: 94.5%
  --  avg out-of-bag acc: 94.14%, sd: 0.82%, min: 92.50%, max: 96.13%
2021-08-05 23:47:16,  75, job 25, # of SNPs: 116, # of haplo: 1701, acc: 93.6%
  --  avg out-of-bag acc: 94.14%, sd: 0.81%, min: 92.50%, max: 96.13%
2021-08-06 00:49:33,  76, job  8, # of SNPs: 128, # of haplo: 1137, acc: 95.5%
  --  avg out-of-bag acc: 94.15%, sd: 0.82%, min: 92.50%, max: 96.13%
2021-08-06 01:09:48,  77, job 22, # of SNPs: 128, # of haplo: 1688, acc: 93.9%
  --  avg out-of-bag acc: 94.15%, sd: 0.82%, min: 92.50%, max: 96.13%
2021-08-06 01:47:43,  78, job 11, # of SNPs: 101, # of haplo: 951, acc: 94.2%
  --  avg out-of-bag acc: 94.15%, sd: 0.81%, min: 92.50%, max: 96.13%
2021-08-06 02:16:10,  79, job 16, # of SNPs: 128, # of haplo: 1622, acc: 95.2%
  --  avg out-of-bag acc: 94.16%, sd: 0.82%, min: 92.50%, max: 96.13%
2021-08-06 02:41:05,  80, job  2, # of SNPs: 96, # of haplo: 1299, acc: 93.2%
  --  avg out-of-bag acc: 94.15%, sd: 0.82%, min: 92.50%, max: 96.13%
2021-08-06 02:47:55,  81, job  3, # of SNPs: 56, # of haplo: 1255, acc: 94.0%
  --  avg out-of-bag acc: 94.15%, sd: 0.81%, min: 92.50%, max: 96.13%
2021-08-06 03:37:59,  82, job  1, # of SNPs: 107, # of haplo: 1246, acc: 94.7%
  --  avg out-of-bag acc: 94.16%, sd: 0.81%, min: 92.50%, max: 96.13%
2021-08-06 05:32:31,  83, job  9, # of SNPs: 128, # of haplo: 1637, acc: 94.4%
  --  avg out-of-bag acc: 94.16%, sd: 0.81%, min: 92.50%, max: 96.13%
2021-08-06 06:25:49,  84, job  2, # of SNPs: 128, # of haplo: 1853, acc: 94.4%
  --  avg out-of-bag acc: 94.16%, sd: 0.80%, min: 92.50%, max: 96.13%
2021-08-06 07:59:04,  85, job 16, # of SNPs: 128, # of haplo: 1474, acc: 95.3%
  --  avg out-of-bag acc: 94.17%, sd: 0.81%, min: 92.50%, max: 96.13%
2021-08-06 10:41:57,  86, job  3, # of SNPs: 128, # of haplo: 1656, acc: 94.0%
  --  avg out-of-bag acc: 94.17%, sd: 0.80%, min: 92.50%, max: 96.13%
2021-08-06 10:52:00,  87, job  1, # of SNPs: 128, # of haplo: 1547, acc: 95.5%
  --  avg out-of-bag acc: 94.19%, sd: 0.81%, min: 92.50%, max: 96.13%
2021-08-06 11:11:46,  88, job  5, # of SNPs: 108, # of haplo: 1745, acc: 93.8%
  --  avg out-of-bag acc: 94.18%, sd: 0.81%, min: 92.50%, max: 96.13%
2021-08-06 12:46:57,  89, job 12, # of SNPs: 123, # of haplo: 1009, acc: 93.1%
  --  avg out-of-bag acc: 94.17%, sd: 0.81%, min: 92.50%, max: 96.13%
2021-08-06 13:05:59,  90, job  5, # of SNPs: 117, # of haplo: 1557, acc: 94.8%
  --  avg out-of-bag acc: 94.18%, sd: 0.81%, min: 92.50%, max: 96.13%
2021-08-06 13:29:06,  91, job  9, # of SNPs: 117, # of haplo: 1496, acc: 93.8%
  --  avg out-of-bag acc: 94.17%, sd: 0.81%, min: 92.50%, max: 96.13%
2021-08-06 14:24:17,  92, job  9, # of SNPs: 103, # of haplo: 1548, acc: 93.0%
  --  avg out-of-bag acc: 94.16%, sd: 0.81%, min: 92.50%, max: 96.13%
2021-08-06 17:15:59,  93, job  2, # of SNPs: 119, # of haplo: 1508, acc: 94.9%
  --  avg out-of-bag acc: 94.17%, sd: 0.81%, min: 92.50%, max: 96.13%
2021-08-07 02:25:21,  94, job  1, # of SNPs: 98, # of haplo: 1385, acc: 94.4%
  --  avg out-of-bag acc: 94.17%, sd: 0.81%, min: 92.50%, max: 96.13%
2021-08-07 02:35:06,  95, job  2, # of SNPs: 110, # of haplo: 1340, acc: 94.7%
  --  avg out-of-bag acc: 94.18%, sd: 0.80%, min: 92.50%, max: 96.13%
2021-08-07 06:16:25,  96, job  4, # of SNPs: 128, # of haplo: 1702, acc: 95.2%
  --  avg out-of-bag acc: 94.19%, sd: 0.81%, min: 92.50%, max: 96.13%
2021-08-07 06:17:37,  97, job  4, # of SNPs: 118, # of haplo: 1655, acc: 95.3%
  --  avg out-of-bag acc: 94.20%, sd: 0.81%, min: 92.50%, max: 96.13%
2021-08-07 17:53:14,  98, job  3, # of SNPs: 127, # of haplo: 1879, acc: 94.8%
  --  avg out-of-bag acc: 94.21%, sd: 0.81%, min: 92.50%, max: 96.13%
2021-08-07 18:24:35,  99, job  1, # of SNPs: 117, # of haplo: 1932, acc: 93.9%
  --  avg out-of-bag acc: 94.20%, sd: 0.80%, min: 92.50%, max: 96.13%
2021-08-08 09:30:15, 100, job  1, # of SNPs: 125, # of haplo: 2106, acc: 94.6%
  --  avg out-of-bag acc: 94.21%, sd: 0.80%, min: 92.50%, max: 96.13%
Calculating matching proportion:
        Min.     0.1% Qu.       1% Qu.      1st Qu.       Median      3rd Qu. 
2.820996e-08 1.776157e-07 1.197755e-06 1.334727e-05 4.501442e-05 1.633133e-04 
        Max.         Mean           SD 
4.675925e-03 2.128263e-04 4.842940e-04 
Accuracy with training data: 99.9%
Out-of-bag accuracy: 94.2%
Gene: C
Training dataset: 1089 samples X 23195 SNPs
    # of HLA alleles: 44
    # of individual classifiers: 100
    total # of SNPs used: 6961
    avg. # of SNPs in an individual classifier: 111.27
        (sd: 18.10, min: 56, max: 128, median: 116.00)
    avg. # of haplotypes in an individual classifier: 1420.30
        (sd: 290.40, min: 702, max: 2157, median: 1384.00)
    avg. out-of-bag accuracy: 94.21%
        (sd: 0.80%, min: 92.50%, max: 96.13%, median: 94.21%)
Matching proportion:
        Min.     0.1% Qu.       1% Qu.      1st Qu.       Median      3rd Qu. 
2.820996e-08 1.776157e-07 1.197755e-06 1.334727e-05 4.501442e-05 1.633133e-04 
        Max.         Mean           SD 
4.675925e-03 2.128263e-04 4.842940e-04 
Genome assembly: hg19
