HIBAG (HLA Genotype Imputation with Attribute Bagging)
Kernel Version: v1.4
Supported by Streaming SIMD Extensions (SSE2) [64-bit]
Stop "job 25".
Stop "job 31".
Stop "job 21".
Stop "job 27".
Stop "job 20".
Stop "job 15".
Stop "job 13".
Stop "job 16".
Stop "job 2".
Stop "job 6".
Stop "job 16".
Stop "job 9".
Stop "job 9".
Stop "job 12".
Stop "job 5".
Stop "job 10".
Stop "job 7".
Stop "job 4".
Stop "job 13".
Stop "job 2".
Stop "job 12".
Stop "job 9".
Stop "job 6".
Stop "job 1".
Stop "job 6".
Stop "job 5".
Stop "job 4".
Stop "job 4".
Stop "job 3".
Stop "job 1".
Stop "job 2".
Stop "job 1".
Stop "job 9".
Stop "job 6".
Stop "job 6".
Stop "job 3".
Stop "job 27".
Stop "job 12".
Stop "job 25".
Stop "job 17".
Stop "job 5".
Stop "job 17".
Stop "job 1".
Stop "job 7".
Stop "job 11".
Stop "job 5".
Stop "job 18".
Stop "job 13".
Stop "job 3".
Stop "job 5".
Stop "job 11".
Stop "job 6".
Stop "job 6".
Stop "job 3".
Stop "job 7".
Stop "job 8".
Stop "job 4".
Stop "job 7".
Stop "job 6".
Stop "job 2".
Stop "job 4".
Stop "job 3".
Stop "job 2".
Stop "job 1".
slurmstepd: error: *** JOB 124992 ON compute-033 CANCELLED AT 2021-04-24T09:47:05 DUE TO TIME LIMIT ***
