
@----------------------------------------------------------@
|        PLINK!       |     v1.07      |   10/Aug/2009     |
|----------------------------------------------------------|
|  (C) 2009 Shaun Purcell, GNU General Public License, v2  |
|----------------------------------------------------------|
|  For documentation, citation & bug-report instructions:  |
|        http://pngu.mgh.harvard.edu/purcell/plink/        |
@----------------------------------------------------------@

Skipping web check... [ --noweb ] 
Writing this text to log file [ HAPMAP_CEU_FOUNDERS.FRQ.log ]
Analysis started: Sun May 13 21:20:16 2012

Options in effect:
	--noweb
	--bfile HAPMAP_CEU_FOUNDERS
	--keep-allele-order
	--freq
	--out HAPMAP_CEU_FOUNDERS.FRQ

** For gPLINK compatibility, do not use '.' in --out **
Reading map (extended format) from [ HAPMAP_CEU_FOUNDERS.bim ] 
6700 markers to be included from [ HAPMAP_CEU_FOUNDERS.bim ]
Reading pedigree information from [ HAPMAP_CEU_FOUNDERS.fam ] 
124 individuals read from [ HAPMAP_CEU_FOUNDERS.fam ] 
0 individuals with nonmissing phenotypes
Assuming a disease phenotype (1=unaff, 2=aff, 0=miss)
Missing phenotype value is also -9
0 cases, 0 controls and 124 missing
62 males, 62 females, and 0 of unspecified sex
Reading genotype bitfile from [ HAPMAP_CEU_FOUNDERS.bed ] 
Detected that binary PED file is v1.00 SNP-major mode
Before frequency and genotyping pruning, there are 6700 SNPs
88 founders and 36 non-founders found
Writing allele frequencies (founders-only) to [ HAPMAP_CEU_FOUNDERS.FRQ.frq ] 

Analysis finished: Sun May 13 21:20:16 2012

